Log file open, 05/19/14 15:09:08
LogInit:Display: Running engine for game: TheGame
LogInit: Version: 4.1.0-2053896+++depot+UE4-Releases+4.1
LogInit: Compiled (64-bit): Apr 22 2014 19:53:05
LogInit: Build Configuration: Development
LogInit: Branch Name: ++depot+UE4-Releases+4.1
LogInit: Command line: 
LogInit: Base directory: F:/Unreal 4/Unreal Engine/4.1/Engine/Binaries/Win64/
LogInit: Rocket: 1
[2014.05.19-13.09.08:499][  0]LogTaskGraph: Started task graph with 3 named threads and 4 total threads.
[2014.05.19-13.09.08:529][  0]LogOnline:Warning: No default platform service specified for OnlineSubsystem
[2014.05.19-13.09.08:537][  0]LogInit: Presizing for 0 objects not considered by GC, pre-allocating 0 bytes.
[2014.05.19-13.09.08:547][  0]LogInit: Object subsystem initialized
[2014.05.19-13.09.08:550][  0]LogInit: Selected Device Profile: [Windows]
[2014.05.19-13.09.08:550][  0]LogInit: Applying CVar settings loaded from the selected device profile: [Windows]
[2014.05.19-13.09.08:554][  0]LogInit: Computer: HOPPETOSSE
[2014.05.19-13.09.08:555][  0]LogInit: User: Martin
[2014.05.19-13.09.08:556][  0]LogInit: CPU Page size=4096, Cores=4
[2014.05.19-13.09.08:556][  0]LogInit: High frequency timer resolution =2.609085 MHz
[2014.05.19-13.09.08:556][  0]LogMemory: Memory total: Physical=8.0GB (8GB approx) Virtual=131072.0GB
[2014.05.19-13.09.08:556][  0]LogMemory: Platform Memory Stats for Windows
[2014.05.19-13.09.08:556][  0]LogMemory: Process Physical Memory: 63.36 MB used, 63.36 MB peak
[2014.05.19-13.09.08:557][  0]LogMemory: Process Virtual Memory: 44.83 MB used, 44.83 MB peak
[2014.05.19-13.09.08:557][  0]LogMemory: Physical Memory: 4572.75 MB used, 8191.23 MB total
[2014.05.19-13.09.08:557][  0]LogMemory: Virtual Memory: 257.53 MB used, 134217728.00 MB total
[2014.05.19-13.09.08:583][  0]LogD3D11RHI: Found D3D11 adapter 0: NVIDIA GeForce GTX 560 Ti   (Feature Level 11_0)
[2014.05.19-13.09.08:583][  0]LogD3D11RHI: Adapter has 971MB of dedicated video memory, 0MB of dedicated system memory, and 3071MB of shared system memory
[2014.05.19-13.09.08:585][  0]LogD3D11RHI: Found D3D11 adapter 1: Microsoft Basic Render Driver (Feature Level 11_0)
[2014.05.19-13.09.08:585][  0]LogD3D11RHI: Adapter has 0MB of dedicated video memory, 0MB of dedicated system memory, and 256MB of shared system memory
[2014.05.19-13.09.08:585][  0]LogD3D11RHI: Chosen D3D11 Adapter Id = 0
[2014.05.19-13.09.08:593][  0]LogRHI: Texture pool is 680 MB (70% of 971 MB)
[2014.05.19-13.09.08:608][  0]LogD3D11RHI: Async texture creation enabled
[2014.05.19-13.09.08:656][  0]LogInit:Warning: We appear to have no tool tip localization data? Editor can't run.
[2014.05.19-13.09.08:656][  0]LogInit:Warning: We appear to have no property name localization data? Editor can't run.
[2014.05.19-13.09.08:656][  0]LogContentStreaming: Texture pool size is 0.000000MB
[2014.05.19-13.09.08:693][  0]LogInit: WinSock: version 1.1 (2.2), MaxSocks=32767, MaxUdp=65467
[2014.05.19-13.09.09:881][  0]LogTargetPlatformManager:Display: Building Assets For Windows
[2014.05.19-13.09.09:985][  0]LogTargetPlatformManager:Display: Building Assets For Windows
[2014.05.19-13.09.10:028][  0]LogDerivedDataCache:Display: Max Cache Size: 512 MB
[2014.05.19-13.09.10:124][  0]LogDerivedDataCache: Loaded boot cache 0.10s 40MB C:/Users/Martin/AppData/Local/UnrealEngine/4.1/DerivedDataCache/Boot.ddc.
[2014.05.19-13.09.10:124][  0]LogDerivedDataCache:Display: Loaded Boot cache: C:/Users/Martin/AppData/Local/UnrealEngine/4.1/DerivedDataCache/Boot.ddc
[2014.05.19-13.09.10:124][  0]LogDerivedDataCache: FDerivedDataBackendGraph:  Pak pak cache file ../../../../../Unreal Projects/TheGame/DerivedDataCache/DDC.ddp not found, will not use a pak cache.
[2014.05.19-13.09.10:124][  0]LogDerivedDataCache: Unable to find inner node Pak for hierarchical cache Hierarchy.
[2014.05.19-13.09.10:140][  0]LogDerivedDataCache:Display: Pak cache opened for reading ../../../Engine/DerivedDataCache/DDC.ddp.
[2014.05.19-13.09.10:153][  0]LogDerivedDataCache: Using Local data cache path C:/Users/Martin/AppData/Local/UnrealEngine/4.1/DerivedDataCache: Writable
[2014.05.19-13.09.10:363][  0]LogMeshUtilities: No automatic mesh reduction module available
[2014.05.19-13.09.10:363][  0]LogMeshUtilities: No automatic mesh merging module available
[2014.05.19-13.09.10:680][  0]LogEnum:Warning: Enum Text 1 for Enum ECustomDepth failed to resolve to any value
[2014.05.19-13.09.10:680][  0]LogEnum:Warning: Enum Text 3 for Enum EEarlyZPass failed to resolve to any value
[2014.05.19-13.09.10:680][  0]LogEnum:Warning: Enum Text 1 for Enum EClearSceneOptions failed to resolve to any value
[2014.05.19-13.09.10:680][  0]LogEnum:Warning: Enum Text 4 for Enum ECompositingSampleCount failed to resolve to any value
[2014.05.19-13.09.11:569][  0]UdpMessaging: Initializing bridge on interface 0.0.0.0:0 to multicast group 230.0.0.1:6666.
[2014.05.19-13.09.11:650][  0]SourceControl: Info Source control is disabled
[2014.05.19-13.09.11:651][  0]SourceControl: Info Source control is disabled
[2014.05.19-13.09.11:655][  0]SourceControl: Info Source control is disabled
[2014.05.19-13.09.11:745][  0]BlueprintLog: New page: Editor Load
[2014.05.19-13.09.11:798][  0]LogObj: 18584 objects as part of root set at end of initial load.
[2014.05.19-13.09.11:798][  0]LogUObjectAllocator: 3701744 out of 0 bytes used by permanent object pool.
[2014.05.19-13.09.12:116][  0]LogAutomationTest:Warning: Loading localization resources contain conflicting entries for (Namespace:UICommands, Key:ToggleRealtime_ToolTip):
Resource: (F:/Unreal 4/Unreal Engine/4.1/Engine/Content/Localization/Editor/en/Editor.locres) Hash: (-291638278) String: (Toggle Realtime)
Resource: (F:/Unreal 4/Unreal Engine/4.1/Engine/Content/Localization/Editor/en/Editor.locres) Hash: (-1913389001) String: (Toggles real time rendering in this viewport)
[2014.05.19-13.09.12:116][  0]LogAutomationTest:Warning: Loading localization resources contain conflicting entries for (Namespace:UICommands, Key:ToggleRealtime_ToolTip):
Resource: (F:/Unreal 4/Unreal Engine/4.1/Engine/Content/Localization/Editor/en/Editor.locres) Hash: (-291638278) String: (Toggle Realtime)
Resource: (F:/Unreal 4/Unreal Engine/4.1/Engine/Content/Localization/Editor/en/Editor.locres) Hash: (-1913389001) String: (Toggles real time rendering in this viewport)
[2014.05.19-13.09.12:116][  0]LogAutomationTest:Warning: Loading localization resources contain conflicting entries for (Namespace:UICommands, Key:ToggleRealtime_ToolTip):
Resource: (F:/Unreal 4/Unreal Engine/4.1/Engine/Content/Localization/Editor/en/Editor.locres) Hash: (-291638278) String: (Toggle Realtime)
Resource: (F:/Unreal 4/Unreal Engine/4.1/Engine/Content/Localization/Editor/en/Editor.locres) Hash: (-1913389001) String: (Toggles real time rendering in this viewport)
[2014.05.19-13.09.12:117][  0]LogEngine: Initializing Engine...
[2014.05.19-13.09.12:254][  0]LogInit: XAudio2 using 'SONY TV-3 (NVIDIA High Definition Audio)' : 2 channels at 48 kHz using 16 bits per sample (channel mask 0x3)
[2014.05.19-13.09.12:263][  0]LogInit: FAudioDevice initialized.
[2014.05.19-13.09.12:311][  0]LogDerivedDataCache: Saved boot cache 0.05s 40MB C:/Users/Martin/AppData/Local/UnrealEngine/4.1/DerivedDataCache/Boot.ddc.
[2014.05.19-13.09.12:328][  0]LogInit: Texture streaming: Enabled
[2014.05.19-13.09.12:367][  0]LogInit: Transaction tracking system initialized
[2014.05.19-13.09.12:482][  0]LogStreaming:Warning: Failed to read file '../../../../../Unreal Projects/TheGame/Intermediate/CachedAssetRegistry.bin' error.
[2014.05.19-13.09.12:482][  0]LogAssetRegistry: FAssetRegistry took 0.0111 seconds to start up
[2014.05.19-13.09.12:651][  0]LogModuleManager:Warning: ModuleManager: Unable to load module '' because the file was not found.
[2014.05.19-13.09.12:656][  0]LogModuleManager:Warning: ModuleManager: Unable to load module '' because the file was not found.
[2014.05.19-13.09.12:740][  0]LogConsoleResponse:Display: 
[2014.05.19-13.09.12:987][  0]SourceControl: Info Source control is disabled
[2014.05.19-13.09.12:987][  0]Cmd: MAP LOAD FILE="../../../../../Unreal Projects/TheGame/Content/Maps/Example_Map.umap" TEMPLATE=0 SHOWPROGRESS=1 WORLDCOMPOSITION=0
[2014.05.19-13.09.12:988][  0]LightingResults: New page: Lighting Build
[2014.05.19-13.09.12:996][  0]MapCheck: New page: Map Check
[2014.05.19-13.09.12:996][  0]LightingResults: New page: Lighting Build
[2014.05.19-13.09.13:017][  0]LogParticles: Destroying 0 GPU particle simulations for FXSystem 0x000000D784B2DEE0
[2014.05.19-13.09.13:555][  0]LogStaticMesh: Building static mesh TemplateCube_Rounded...
[2014.05.19-13.09.13:563][  0]LogStaticMesh: Built static mesh [8.772424ms] /Game/Meshes/TemplateCube_Rounded.TemplateCube_Rounded
[2014.05.19-13.09.13:680][  0]LogTexture:Display: Building textures: HQ_Lightmap1_1 (AutoDXT)
[2014.05.19-13.09.13:887][  0]LogTexture:Display: Building textures: HQ_Lightmap1_2 (AutoDXT)
[2014.05.19-13.09.13:913][  0]LogTexture:Display: Building textures: LQ_Lightmap_1_1 (DXT1)
[2014.05.19-13.09.14:069][  0]LogTexture:Display: Building textures: LQ_Lightmap_1_2 (DXT1)
[2014.05.19-13.09.14:088][  0]LogTexture:Display: Building textures: ShadowMapTexture2D_0 (BGRA8)
[2014.05.19-13.09.14:147][  0]LogTexture:Display: Building textures: ShadowMapTexture2D_1 (BGRA8)
[2014.05.19-13.09.14:252][  0]LogEditorServer: Finished looking for orphan Actors (0.000 secs)
[2014.05.19-13.09.14:267][  0]Cmd: MAP CHECKDEP
[2014.05.19-13.09.14:267][  0]MapCheck: New page: Example_Map - 19.05.2014 17:09:14
[2014.05.19-13.09.14:310][  0]MapCheck: Info ========== Map Check: 0 Error(s), 0 Warning(s), [42,187ms] ==========
[2014.05.19-13.09.14:310][  0]LogFileHelpers: Loading map 'Example_Map' took 1.322
[2014.05.19-13.09.15:604][  0]LogCollectionManager: Loaded 0 collections in 0.001317 seconds
[2014.05.19-13.09.16:617][  0]LogCrashTracker: Crashtracker disabled due to settings.
[2014.05.19-13.09.16:638][  0]Cmd: MODE PLACEMENT
[2014.05.19-13.09.17:652][  0]LogLoad: Full Startup: 10.15 seconds (BP compile: 0.10 seconds)
[2014.05.19-13.09.18:183][  0]LogRenderer:Warning: Reallocating scene render targets to support 864x872.
[2014.05.19-13.09.18:408][  1]LogEpicStorage:Warning: EnumerateFiles request failed. Invalid response. code=403 error=<?xml version="1.0" encoding="UTF-8"?>
<Error><Code>AccessDenied</Code><Message>Access Denied</Message><RequestId>98FD898890A33265</RequestId><HostId>fcyO2OMl+G6v2QU0+ccbzNaxhumaz3DXxIU1kGXRrGpXSS7zhxDr56x29cqIgjpd</HostId></Error>
[2014.05.19-13.09.18:456][  1]LogAssetRegistry: Asset discovery search completed in 5.9862 seconds
[2014.05.19-13.09.18:877][  2]LogEpicSurvey:Warning: EnumerateFiles request failed. Invalid response. code=403 error=<?xml version="1.0" encoding="UTF-8"?>
<Error><Code>AccessDenied</Code><Message>Access Denied</Message><RequestId>FA387D25685219B6</RequestId><HostId>ZaS+oBLVQQkGw4wigZMyh2mM8AaYQoMWqZH0sMZoxbIdcQVSqw23htt5u4A4vQQD</HostId></Error>
[2014.05.19-13.09.18:982][  3]LogEpicStorage:Warning: EnumerateFiles request failed. Invalid response. code=403 error=<?xml version="1.0" encoding="UTF-8"?>
<Error><Code>AccessDenied</Code><Message>Access Denied</Message><RequestId>8AA515AB951CDCB8</RequestId><HostId>7PmDw2ULI7OA3VxYf7+bPh/x0S64CgxTd6tXHM07nmX7sbkiusq88gMYX8UG6RM7</HostId></Error>
[2014.05.19-13.09.19:127][  7]LogEpicSurvey:Warning: EnumerateFiles request failed. Invalid response. code=403 error=<?xml version="1.0" encoding="UTF-8"?>
<Error><Code>AccessDenied</Code><Message>Access Denied</Message><RequestId>AFCBD042970987D3</RequestId><HostId>m2DOxvaltHLt6Zu73BwAX/nvf5ZJzvU6+ua7YRuoTjhfi+enGjtKlGOZeWzObhhx</HostId></Error>
[2014.05.19-13.09.19:149][  8]LogEpicStorage:Warning: ReadFile request failed. File request already pending for filename=http://cdn.unrealengine.com/newsfeed/blueprint_icon_b.png
[2014.05.19-13.09.19:188][ 10]LogEpicSurvey:Warning: EnumerateFiles request failed. Invalid response. code=403 error=<?xml version="1.0" encoding="UTF-8"?>
<Error><Code>AccessDenied</Code><Message>Access Denied</Message><RequestId>FB1A92B16D714F17</RequestId><HostId>NX9b2z8pn/NMIUW4qrzSOzkywAQrzdVkyW1Dmrf8LmkJ